Using pre-set license
Built from '2020.3/staging' branch; Version is '2020.3.33f1 (915a7af8b0d5) revision 9525882'; Using compiler version '192528614'; Build Type 'Release'
OS: 'Windows 11  (10.0.22621) 64bit Core' Language: 'zh' Physical Memory: 7893 MB
BatchMode: 1, IsHumanControllingUs: 0, StartBugReporterOnCrash: 0, Is64bit: 1, IsPro: 0

COMMAND LINE ARGUMENTS:
C:\Program Files\Unity\Hub\Editor\2020.3.33f1\Editor\Unity.exe
-adb2
-batchMode
-noUpm
-name
AssetImportWorker1
-projectPath
C:/Users/owenb/Documents/UnityProject/AngryBird
-logFile
Logs/AssetImportWorker1.log
-srvPort
53517
Successfully changed project path to: C:/Users/owenb/Documents/UnityProject/AngryBird
C:/Users/owenb/Documents/UnityProject/AngryBird
Using Asset Import Pipeline V2.
Refreshing native plugins compatible for Editor in 39.00 ms, found 3 plugins.
Preloading 0 native plugins for Editor in 0.00 ms.
Initialize engine version: 2020.3.33f1 (915a7af8b0d5)
[Subsystems] Discovering subsystems at path C:/Program Files/Unity/Hub/Editor/2020.3.33f1/Editor/Data/Resources/UnitySubsystems
[Subsystems] Discovering subsystems at path C:/Users/owenb/Documents/UnityProject/AngryBird/Assets
GfxDevice: creating device client; threaded=0
Direct3D:
    Version:  Direct3D 11.0 [level 11.1]
    Renderer: NVIDIA GeForce RTX 3050 Laptop GPU (ID=0x25a2)
    Vendor:   
    VRAM:     3993 MB
    Driver:   30.0.15.1165
Initialize mono
Mono path[0] = 'C:/Program Files/Unity/Hub/Editor/2020.3.33f1/Editor/Data/Managed'
Mono path[1] = 'C:/Program Files/Unity/Hub/Editor/2020.3.33f1/Editor/Data/MonoBleedingEdge/lib/mono/unityjit'
Mono config path = 'C:/Program Files/Unity/Hub/Editor/2020.3.33f1/Editor/Data/MonoBleedingEdge/etc'
Using monoOptions --debugger-agent=transport=dt_socket,embedding=1,server=y,suspend=n,address=127.0.0.1:56760
Begin MonoManager ReloadAssembly
Registering precompiled unity dll's ...
Register platform support module: C:/Program Files/Unity/Hub/Editor/2020.3.33f1/Editor/Data/PlaybackEngines/WindowsStandaloneSupport/UnityEditor.WindowsStandalone.Extensions.dll
Registered in 0.001084 seconds.
Native extension for WindowsStandalone target not found
Refreshing native plugins compatible for Editor in 37.00 ms, found 3 plugins.
Preloading 0 native plugins for Editor in 0.00 ms.
Mono: successfully reloaded assembly
- Completed reload, in  0.632 seconds
Domain Reload Profiling:
	ReloadAssembly (632ms)
		BeginReloadAssembly (50ms)
			ExecutionOrderSort (0ms)
			DisableScriptedObjects (0ms)
			BackupInstance (0ms)
			ReleaseScriptingObjects (0ms)
			CreateAndSetChildDomain (1ms)
		EndReloadAssembly (368ms)
			LoadAssemblies (48ms)
			RebuildTransferFunctionScriptingTraits (0ms)
			SetupTypeCache (118ms)
			ReleaseScriptCaches (0ms)
			RebuildScriptCaches (23ms)
			SetupLoadedEditorAssemblies (147ms)
				LogAssemblyErrors (0ms)
				InitializePlatformSupportModulesInManaged (4ms)
				SetLoadedEditorAssemblies (0ms)
				RefreshPlugins (37ms)
				BeforeProcessingInitializeOnLoad (10ms)
				ProcessInitializeOnLoadAttributes (59ms)
				ProcessInitializeOnLoadMethodAttributes (36ms)
				AfterProcessingInitializeOnLoad (0ms)
				EditorAssembliesLoaded (0ms)
			ExecutionOrderSort2 (0ms)
			AwakeInstancesAfterBackupRestoration (0ms)
Platform modules already initialized, skipping
Registering precompiled user dll's ...
Registered in 0.002053 seconds.
Begin MonoManager ReloadAssembly
Symbol file LoadedFromMemory doesn't match image C:\Users\owenb\Documents\UnityProject\AngryBird\Library\PackageCache\com.unity.collab-proxy@1.15.15\Lib\Editor\PlasticSCM\unityplastic.dll
Native extension for WindowsStandalone target not found
Refreshing native plugins compatible for Editor in 39.16 ms, found 3 plugins.
Preloading 0 native plugins for Editor in 0.00 ms.
Mono: successfully reloaded assembly
- Completed reload, in  0.837 seconds
Domain Reload Profiling:
	ReloadAssembly (838ms)
		BeginReloadAssembly (112ms)
			ExecutionOrderSort (0ms)
			DisableScriptedObjects (3ms)
			BackupInstance (0ms)
			ReleaseScriptingObjects (0ms)
			CreateAndSetChildDomain (16ms)
		EndReloadAssembly (657ms)
			LoadAssemblies (77ms)
			RebuildTransferFunctionScriptingTraits (0ms)
			SetupTypeCache (202ms)
			ReleaseScriptCaches (0ms)
			RebuildScriptCaches (34ms)
			SetupLoadedEditorAssemblies (270ms)
				LogAssemblyErrors (0ms)
				InitializePlatformSupportModulesInManaged (4ms)
				SetLoadedEditorAssemblies (0ms)
				RefreshPlugins (39ms)
				BeforeProcessingInitializeOnLoad (55ms)
				ProcessInitializeOnLoadAttributes (155ms)
				ProcessInitializeOnLoadMethodAttributes (12ms)
				AfterProcessingInitializeOnLoad (4ms)
				EditorAssembliesLoaded (0ms)
			ExecutionOrderSort2 (0ms)
			AwakeInstancesAfterBackupRestoration (5ms)
Platform modules already initialized, skipping
========================================================================
Worker process is ready to serve import requests
Launched and connected shader compiler UnityShaderCompiler.exe after 0.08 seconds
Refreshing native plugins compatible for Editor in 0.53 ms, found 3 plugins.
Preloading 0 native plugins for Editor in 0.00 ms.
Unloading 2217 Unused Serialized files (Serialized files now loaded: 0)
System memory in use before: 98.0 MB.
System memory in use after: 97.9 MB.

Unloading 31 unused Assets to reduce memory usage. Loaded Objects now: 2654.
Total: 2.448100 ms (FindLiveObjects: 0.129100 ms CreateObjectMapping: 0.039100 ms MarkObjects: 2.149500 ms  DeleteObjects: 0.129400 ms)

AssetImportParameters requested are different than current active one (requested -> active):
  custom:framework-win-MediaFoundation: 216162199b28c13a410421893ffa2e32 -> 
  custom:video-decoder-ogg-theora: a1e56fd34408186e4bbccfd4996cb3dc -> 
  custom:container-muxer-webm: aa71ff27fc2769a1b78a27578f13a17b -> 
  custom:container-demuxer-webm: 4f35f7cbe854078d1ac9338744f61a02 -> 
  custom:container-demuxer-ogg: 62fdf1f143b41e24485cea50d1cbac27 -> 
  custom:video-encoder-webm-vp8: eb34c28f22e8b96e1ab97ce403110664 -> 
  custom:video-decoder-webm-vp8: 9c59270c3fd7afecdb556c50c9e8de78 -> 
  custom:audio-decoder-ogg-vorbis: bf7c407c2cedff20999df2af8eb42d56 -> 
  custom:audio-encoder-webm-vorbis: bf7c407c2cedff20999df2af8eb42d56 -> 
========================================================================
Received Import Request.
  path: Assets/Resources/0/1 1.prefab
  artifactKey: Guid(0e84669eabb0c194e9b2b6912f76a962) Importer(815301076,1909f56bfc062723c751e8b465ee728b)
Start importing Assets/Resources/0/1 1.prefab using Guid(0e84669eabb0c194e9b2b6912f76a962) Importer(815301076,1909f56bfc062723c751e8b465ee728b)  -> (artifact id: 'c0ff30b033ef0f79a60d03d6cd1d7a7f') in 0.145806 seconds 
========================================================================
Received Import Request.
  Time since last request: 1.226250 seconds.
  path: Assets/Resources/0/2.prefab
  artifactKey: Guid(0e84669eabb0c194e9b2b6912f76a962) Importer(815301076,1909f56bfc062723c751e8b465ee728b)
Start importing Assets/Resources/0/2.prefab using Guid(0e84669eabb0c194e9b2b6912f76a962) Importer(815301076,1909f56bfc062723c751e8b465ee728b)  -> (artifact id: 'ef28d39824d86c4f97a22199c68550d9') in 0.043245 seconds 
========================================================================
Received Import Request.
  Time since last request: 13.817274 seconds.
  path: Assets/Resources/0/1.prefab
  artifactKey: Guid(a226c41b9bb2dfe4bab18528d7d818b5) Importer(815301076,1909f56bfc062723c751e8b465ee728b)
Start importing Assets/Resources/0/1.prefab using Guid(a226c41b9bb2dfe4bab18528d7d818b5) Importer(815301076,1909f56bfc062723c751e8b465ee728b)  -> (artifact id: '9c1e92f0d6a310d65160ccdfb7044214') in 0.044717 seconds 
========================================================================
Received Import Request.
  Time since last request: 4.772854 seconds.
  path: Assets/Resources/0/1.prefab
  artifactKey: Guid(a226c41b9bb2dfe4bab18528d7d818b5) Importer(815301076,1909f56bfc062723c751e8b465ee728b)
Start importing Assets/Resources/0/1.prefab using Guid(a226c41b9bb2dfe4bab18528d7d818b5) Importer(815301076,1909f56bfc062723c751e8b465ee728b)  -> (artifact id: '5a0fd87aaeb7fd9c7849b2e9c43049ef') in 0.038550 seconds 
========================================================================
Received Import Request.
  Time since last request: 63.919221 seconds.
  path: Assets/Resources/0/1.prefab
  artifactKey: Guid(a226c41b9bb2dfe4bab18528d7d818b5) Importer(815301076,1909f56bfc062723c751e8b465ee728b)
Start importing Assets/Resources/0/1.prefab using Guid(a226c41b9bb2dfe4bab18528d7d818b5) Importer(815301076,1909f56bfc062723c751e8b465ee728b)  -> (artifact id: '43fb8f8a29ed04eae6071ad4df74ef6c') in 0.033636 seconds 
AssetImportWorkerClient::OnTransportError - code=2 error=End of file
