Using pre-set license
Built from '2020.3/staging' branch; Version is '2020.3.33f1 (915a7af8b0d5) revision 9525882'; Using compiler version '192528614'; Build Type 'Release'
OS: 'Windows 11  (10.0.22621) 64bit Core' Language: 'zh' Physical Memory: 7893 MB
BatchMode: 1, IsHumanControllingUs: 0, StartBugReporterOnCrash: 0, Is64bit: 1, IsPro: 0

COMMAND LINE ARGUMENTS:
C:\Program Files\Unity\Hub\Editor\2020.3.33f1\Editor\Unity.exe
-adb2
-batchMode
-noUpm
-name
AssetImportWorker0
-projectPath
C:/Users/owenb/Documents/UnityProject/AngryBird
-logFile
Logs/AssetImportWorker0.log
-srvPort
58274
Successfully changed project path to: C:/Users/owenb/Documents/UnityProject/AngryBird
C:/Users/owenb/Documents/UnityProject/AngryBird
Using Asset Import Pipeline V2.
Refreshing native plugins compatible for Editor in 43.56 ms, found 3 plugins.
Preloading 0 native plugins for Editor in 0.00 ms.
Initialize engine version: 2020.3.33f1 (915a7af8b0d5)
[Subsystems] Discovering subsystems at path C:/Program Files/Unity/Hub/Editor/2020.3.33f1/Editor/Data/Resources/UnitySubsystems
[Subsystems] Discovering subsystems at path C:/Users/owenb/Documents/UnityProject/AngryBird/Assets
GfxDevice: creating device client; threaded=0
Direct3D:
    Version:  Direct3D 11.0 [level 11.1]
    Renderer: NVIDIA GeForce RTX 3050 Laptop GPU (ID=0x25a2)
    Vendor:   
    VRAM:     3993 MB
    Driver:   30.0.15.1165
Initialize mono
Mono path[0] = 'C:/Program Files/Unity/Hub/Editor/2020.3.33f1/Editor/Data/Managed'
Mono path[1] = 'C:/Program Files/Unity/Hub/Editor/2020.3.33f1/Editor/Data/MonoBleedingEdge/lib/mono/unityjit'
Mono config path = 'C:/Program Files/Unity/Hub/Editor/2020.3.33f1/Editor/Data/MonoBleedingEdge/etc'
Using monoOptions --debugger-agent=transport=dt_socket,embedding=1,server=y,suspend=n,address=127.0.0.1:56964
Begin MonoManager ReloadAssembly
Registering precompiled unity dll's ...
Register platform support module: C:/Program Files/Unity/Hub/Editor/2020.3.33f1/Editor/Data/PlaybackEngines/WindowsStandaloneSupport/UnityEditor.WindowsStandalone.Extensions.dll
Registered in 0.001005 seconds.
Native extension for WindowsStandalone target not found
Refreshing native plugins compatible for Editor in 34.15 ms, found 3 plugins.
Preloading 0 native plugins for Editor in 0.00 ms.
Mono: successfully reloaded assembly
- Completed reload, in  0.439 seconds
Domain Reload Profiling:
	ReloadAssembly (439ms)
		BeginReloadAssembly (48ms)
			ExecutionOrderSort (0ms)
			DisableScriptedObjects (0ms)
			BackupInstance (0ms)
			ReleaseScriptingObjects (0ms)
			CreateAndSetChildDomain (1ms)
		EndReloadAssembly (338ms)
			LoadAssemblies (47ms)
			RebuildTransferFunctionScriptingTraits (0ms)
			SetupTypeCache (109ms)
			ReleaseScriptCaches (0ms)
			RebuildScriptCaches (21ms)
			SetupLoadedEditorAssemblies (132ms)
				LogAssemblyErrors (0ms)
				InitializePlatformSupportModulesInManaged (3ms)
				SetLoadedEditorAssemblies (0ms)
				RefreshPlugins (34ms)
				BeforeProcessingInitializeOnLoad (10ms)
				ProcessInitializeOnLoadAttributes (61ms)
				ProcessInitializeOnLoadMethodAttributes (23ms)
				AfterProcessingInitializeOnLoad (0ms)
				EditorAssembliesLoaded (0ms)
			ExecutionOrderSort2 (0ms)
			AwakeInstancesAfterBackupRestoration (0ms)
Platform modules already initialized, skipping
Registering precompiled user dll's ...
Registered in 0.002331 seconds.
Begin MonoManager ReloadAssembly
Symbol file LoadedFromMemory doesn't match image C:\Users\owenb\Documents\UnityProject\AngryBird\Library\PackageCache\com.unity.collab-proxy@1.15.15\Lib\Editor\PlasticSCM\unityplastic.dll
Native extension for WindowsStandalone target not found
Refreshing native plugins compatible for Editor in 45.32 ms, found 3 plugins.
Preloading 0 native plugins for Editor in 0.00 ms.
Mono: successfully reloaded assembly
- Completed reload, in  0.997 seconds
Domain Reload Profiling:
	ReloadAssembly (999ms)
		BeginReloadAssembly (141ms)
			ExecutionOrderSort (0ms)
			DisableScriptedObjects (6ms)
			BackupInstance (0ms)
			ReleaseScriptingObjects (0ms)
			CreateAndSetChildDomain (22ms)
		EndReloadAssembly (803ms)
			LoadAssemblies (96ms)
			RebuildTransferFunctionScriptingTraits (0ms)
			SetupTypeCache (260ms)
			ReleaseScriptCaches (1ms)
			RebuildScriptCaches (41ms)
			SetupLoadedEditorAssemblies (318ms)
				LogAssemblyErrors (0ms)
				InitializePlatformSupportModulesInManaged (3ms)
				SetLoadedEditorAssemblies (0ms)
				RefreshPlugins (45ms)
				BeforeProcessingInitializeOnLoad (70ms)
				ProcessInitializeOnLoadAttributes (178ms)
				ProcessInitializeOnLoadMethodAttributes (18ms)
				AfterProcessingInitializeOnLoad (4ms)
				EditorAssembliesLoaded (0ms)
			ExecutionOrderSort2 (0ms)
			AwakeInstancesAfterBackupRestoration (6ms)
Platform modules already initialized, skipping
========================================================================
Worker process is ready to serve import requests
Launched and connected shader compiler UnityShaderCompiler.exe after 0.04 seconds
Refreshing native plugins compatible for Editor in 0.65 ms, found 3 plugins.
Preloading 0 native plugins for Editor in 0.00 ms.
Unloading 2211 Unused Serialized files (Serialized files now loaded: 0)
System memory in use before: 97.8 MB.
System memory in use after: 97.7 MB.

Unloading 31 unused Assets to reduce memory usage. Loaded Objects now: 2648.
Total: 4.392900 ms (FindLiveObjects: 0.226000 ms CreateObjectMapping: 0.050300 ms MarkObjects: 3.868300 ms  DeleteObjects: 0.244700 ms)

AssetImportParameters requested are different than current active one (requested -> active):
  custom:framework-win-MediaFoundation: 216162199b28c13a410421893ffa2e32 -> 
  custom:video-decoder-ogg-theora: a1e56fd34408186e4bbccfd4996cb3dc -> 
  custom:container-muxer-webm: aa71ff27fc2769a1b78a27578f13a17b -> 
  custom:container-demuxer-webm: 4f35f7cbe854078d1ac9338744f61a02 -> 
  custom:container-demuxer-ogg: 62fdf1f143b41e24485cea50d1cbac27 -> 
  custom:video-encoder-webm-vp8: eb34c28f22e8b96e1ab97ce403110664 -> 
  custom:video-decoder-webm-vp8: 9c59270c3fd7afecdb556c50c9e8de78 -> 
  custom:audio-decoder-ogg-vorbis: bf7c407c2cedff20999df2af8eb42d56 -> 
  custom:audio-encoder-webm-vorbis: bf7c407c2cedff20999df2af8eb42d56 -> 
========================================================================
Received Import Request.
  path: Assets/Scripts/Charator/Player.cs
  artifactKey: Guid(400c4ee466d72be42a9c9b220c75702c) Importer(815301076,1909f56bfc062723c751e8b465ee728b)
Start importing Assets/Scripts/Charator/Player.cs using Guid(400c4ee466d72be42a9c9b220c75702c) Importer(815301076,1909f56bfc062723c751e8b465ee728b)  -> (artifact id: '836cbbd6d7f8549fa9a6dbf749cd0962') in 0.059634 seconds 
========================================================================
Received Prepare
Registering precompiled user dll's ...
Registered in 0.002157 seconds.
Begin MonoManager ReloadAssembly
Symbol file LoadedFromMemory doesn't match image C:\Users\owenb\Documents\UnityProject\AngryBird\Library\PackageCache\com.unity.collab-proxy@1.15.15\Lib\Editor\PlasticSCM\unityplastic.dll
Native extension for WindowsStandalone target not found
Refreshing native plugins compatible for Editor in 0.50 ms, found 3 plugins.
Preloading 0 native plugins for Editor in 0.00 ms.
Mono: successfully reloaded assembly
- Completed reload, in  0.799 seconds
Domain Reload Profiling:
	ReloadAssembly (799ms)
		BeginReloadAssembly (107ms)
			ExecutionOrderSort (0ms)
			DisableScriptedObjects (4ms)
			BackupInstance (0ms)
			ReleaseScriptingObjects (0ms)
			CreateAndSetChildDomain (33ms)
		EndReloadAssembly (643ms)
			LoadAssemblies (76ms)
			RebuildTransferFunctionScriptingTraits (0ms)
			SetupTypeCache (230ms)
			ReleaseScriptCaches (1ms)
			RebuildScriptCaches (34ms)
			SetupLoadedEditorAssemblies (222ms)
				LogAssemblyErrors (0ms)
				InitializePlatformSupportModulesInManaged (3ms)
				SetLoadedEditorAssemblies (0ms)
				RefreshPlugins (1ms)
				BeforeProcessingInitializeOnLoad (76ms)
				ProcessInitializeOnLoadAttributes (131ms)
				ProcessInitializeOnLoadMethodAttributes (8ms)
				AfterProcessingInitializeOnLoad (3ms)
				EditorAssembliesLoaded (0ms)
			ExecutionOrderSort2 (0ms)
			AwakeInstancesAfterBackupRestoration (15ms)
Platform modules already initialized, skipping
Refreshing native plugins compatible for Editor in 0.46 ms, found 3 plugins.
Preloading 0 native plugins for Editor in 0.00 ms.
Unloading 2206 Unused Serialized files (Serialized files now loaded: 0)
System memory in use before: 97.8 MB.
System memory in use after: 97.7 MB.

Unloading 20 unused Assets to reduce memory usage. Loaded Objects now: 2651.
Total: 2.316400 ms (FindLiveObjects: 0.120100 ms CreateObjectMapping: 0.058500 ms MarkObjects: 2.017400 ms  DeleteObjects: 0.109200 ms)

AssetImportParameters requested are different than current active one (requested -> active):
  custom:framework-win-MediaFoundation: 216162199b28c13a410421893ffa2e32 -> 
  custom:video-decoder-ogg-theora: a1e56fd34408186e4bbccfd4996cb3dc -> 
  custom:container-muxer-webm: aa71ff27fc2769a1b78a27578f13a17b -> 
  custom:container-demuxer-webm: 4f35f7cbe854078d1ac9338744f61a02 -> 
  custom:container-demuxer-ogg: 62fdf1f143b41e24485cea50d1cbac27 -> 
  custom:video-encoder-webm-vp8: eb34c28f22e8b96e1ab97ce403110664 -> 
  custom:video-decoder-webm-vp8: 9c59270c3fd7afecdb556c50c9e8de78 -> 
  custom:audio-decoder-ogg-vorbis: bf7c407c2cedff20999df2af8eb42d56 -> 
  custom:audio-encoder-webm-vorbis: bf7c407c2cedff20999df2af8eb42d56 -> 
========================================================================
Received Prepare
Registering precompiled user dll's ...
Registered in 0.002011 seconds.
Begin MonoManager ReloadAssembly
Symbol file LoadedFromMemory doesn't match image C:\Users\owenb\Documents\UnityProject\AngryBird\Library\PackageCache\com.unity.collab-proxy@1.15.15\Lib\Editor\PlasticSCM\unityplastic.dll
Native extension for WindowsStandalone target not found
Refreshing native plugins compatible for Editor in 0.47 ms, found 3 plugins.
Preloading 0 native plugins for Editor in 0.00 ms.
Mono: successfully reloaded assembly
- Completed reload, in  0.814 seconds
Domain Reload Profiling:
	ReloadAssembly (814ms)
		BeginReloadAssembly (113ms)
			ExecutionOrderSort (0ms)
			DisableScriptedObjects (4ms)
			BackupInstance (0ms)
			ReleaseScriptingObjects (0ms)
			CreateAndSetChildDomain (33ms)
		EndReloadAssembly (656ms)
			LoadAssemblies (87ms)
			RebuildTransferFunctionScriptingTraits (0ms)
			SetupTypeCache (223ms)
			ReleaseScriptCaches (1ms)
			RebuildScriptCaches (35ms)
			SetupLoadedEditorAssemblies (244ms)
				LogAssemblyErrors (0ms)
				InitializePlatformSupportModulesInManaged (4ms)
				SetLoadedEditorAssemblies (0ms)
				RefreshPlugins (1ms)
				BeforeProcessingInitializeOnLoad (79ms)
				ProcessInitializeOnLoadAttributes (148ms)
				ProcessInitializeOnLoadMethodAttributes (8ms)
				AfterProcessingInitializeOnLoad (4ms)
				EditorAssembliesLoaded (0ms)
			ExecutionOrderSort2 (0ms)
			AwakeInstancesAfterBackupRestoration (9ms)
Platform modules already initialized, skipping
Refreshing native plugins compatible for Editor in 0.47 ms, found 3 plugins.
Preloading 0 native plugins for Editor in 0.00 ms.
Unloading 2206 Unused Serialized files (Serialized files now loaded: 0)
System memory in use before: 97.8 MB.
System memory in use after: 97.8 MB.

Unloading 20 unused Assets to reduce memory usage. Loaded Objects now: 2654.
Total: 2.515200 ms (FindLiveObjects: 0.138500 ms CreateObjectMapping: 0.039100 ms MarkObjects: 2.187000 ms  DeleteObjects: 0.149400 ms)

AssetImportParameters requested are different than current active one (requested -> active):
  custom:framework-win-MediaFoundation: 216162199b28c13a410421893ffa2e32 -> 
  custom:video-decoder-ogg-theora: a1e56fd34408186e4bbccfd4996cb3dc -> 
  custom:container-muxer-webm: aa71ff27fc2769a1b78a27578f13a17b -> 
  custom:container-demuxer-webm: 4f35f7cbe854078d1ac9338744f61a02 -> 
  custom:container-demuxer-ogg: 62fdf1f143b41e24485cea50d1cbac27 -> 
  custom:video-encoder-webm-vp8: eb34c28f22e8b96e1ab97ce403110664 -> 
  custom:video-decoder-webm-vp8: 9c59270c3fd7afecdb556c50c9e8de78 -> 
  custom:audio-decoder-ogg-vorbis: bf7c407c2cedff20999df2af8eb42d56 -> 
  custom:audio-encoder-webm-vorbis: bf7c407c2cedff20999df2af8eb42d56 -> 
========================================================================
Received Import Request.
  Time since last request: 1534.741817 seconds.
  path: Assets/GameMaterial/Graphics/STAR.png
  artifactKey: Guid(2591d575916d4c14bbe3466fec770d81) Importer(815301076,1909f56bfc062723c751e8b465ee728b)
Start importing Assets/GameMaterial/Graphics/STAR.png using Guid(2591d575916d4c14bbe3466fec770d81) Importer(815301076,1909f56bfc062723c751e8b465ee728b)  -> (artifact id: '62cb77e453f447ab6229f65b623eb7ee') in 0.066385 seconds 
========================================================================
Received Import Request.
  Time since last request: 5.696610 seconds.
  path: Assets/GameMaterial/Graphics/STAR.png
  artifactKey: Guid(2591d575916d4c14bbe3466fec770d81) Importer(815301076,1909f56bfc062723c751e8b465ee728b)
Start importing Assets/GameMaterial/Graphics/STAR.png using Guid(2591d575916d4c14bbe3466fec770d81) Importer(815301076,1909f56bfc062723c751e8b465ee728b)  -> (artifact id: 'cad89a5c0f697ac9290460bfc0744e42') in 0.094956 seconds 
========================================================================
Received Import Request.
  Time since last request: 260.710597 seconds.
  path: Assets/Prefab/root.prefab
  artifactKey: Guid(88931319fa81cb74f9dea60798a96bef) Importer(815301076,1909f56bfc062723c751e8b465ee728b)
Start importing Assets/Prefab/root.prefab using Guid(88931319fa81cb74f9dea60798a96bef) Importer(815301076,1909f56bfc062723c751e8b465ee728b)  -> (artifact id: '07d2c86575d965ed4b788ef7a84e78b5') in 0.039702 seconds 
========================================================================
Received Import Request.
  Time since last request: 11.264125 seconds.
  path: Assets/New Folder
  artifactKey: Guid(7d822af54d4d46b41a3bbeb999458f8b) Importer(815301076,1909f56bfc062723c751e8b465ee728b)
Start importing Assets/New Folder using Guid(7d822af54d4d46b41a3bbeb999458f8b) Importer(815301076,1909f56bfc062723c751e8b465ee728b)  -> (artifact id: '69b9caa89fa4f64d82127d3ee2f0b234') in 0.006905 seconds 
========================================================================
Received Import Request.
  Time since last request: 21.452915 seconds.
  path: Assets/FireWorks
  artifactKey: Guid(7d822af54d4d46b41a3bbeb999458f8b) Importer(815301076,1909f56bfc062723c751e8b465ee728b)
Start importing Assets/FireWorks using Guid(7d822af54d4d46b41a3bbeb999458f8b) Importer(815301076,1909f56bfc062723c751e8b465ee728b)  -> (artifact id: '145da11603dfd44bbe7a802d09ef03cf') in 0.006795 seconds 
========================================================================
Received Prepare
Registering precompiled user dll's ...
Registered in 0.002014 seconds.
Begin MonoManager ReloadAssembly
Symbol file LoadedFromMemory doesn't match image C:\Users\owenb\Documents\UnityProject\AngryBird\Library\PackageCache\com.unity.collab-proxy@1.15.15\Lib\Editor\PlasticSCM\unityplastic.dll
Native extension for WindowsStandalone target not found
Refreshing native plugins compatible for Editor in 0.45 ms, found 3 plugins.
Preloading 0 native plugins for Editor in 0.00 ms.
Mono: successfully reloaded assembly
- Completed reload, in  0.712 seconds
Domain Reload Profiling:
	ReloadAssembly (712ms)
		BeginReloadAssembly (91ms)
			ExecutionOrderSort (0ms)
			DisableScriptedObjects (4ms)
			BackupInstance (0ms)
			ReleaseScriptingObjects (0ms)
			CreateAndSetChildDomain (29ms)
		EndReloadAssembly (574ms)
			LoadAssemblies (73ms)
			RebuildTransferFunctionScriptingTraits (0ms)
			SetupTypeCache (195ms)
			ReleaseScriptCaches (1ms)
			RebuildScriptCaches (30ms)
			SetupLoadedEditorAssemblies (213ms)
				LogAssemblyErrors (0ms)
				InitializePlatformSupportModulesInManaged (3ms)
				SetLoadedEditorAssemblies (0ms)
				RefreshPlugins (0ms)
				BeforeProcessingInitializeOnLoad (71ms)
				ProcessInitializeOnLoadAttributes (126ms)
				ProcessInitializeOnLoadMethodAttributes (8ms)
				AfterProcessingInitializeOnLoad (3ms)
				EditorAssembliesLoaded (0ms)
			ExecutionOrderSort2 (0ms)
			AwakeInstancesAfterBackupRestoration (6ms)
Platform modules already initialized, skipping
Refreshing native plugins compatible for Editor in 0.44 ms, found 3 plugins.
Preloading 0 native plugins for Editor in 0.00 ms.
Unloading 2206 Unused Serialized files (Serialized files now loaded: 0)
System memory in use before: 100.8 MB.
System memory in use after: 100.8 MB.

Unloading 20 unused Assets to reduce memory usage. Loaded Objects now: 2691.
Total: 2.276400 ms (FindLiveObjects: 0.118000 ms CreateObjectMapping: 0.035200 ms MarkObjects: 1.999800 ms  DeleteObjects: 0.122900 ms)

AssetImportParameters requested are different than current active one (requested -> active):
  custom:framework-win-MediaFoundation: 216162199b28c13a410421893ffa2e32 -> 
  custom:video-decoder-ogg-theora: a1e56fd34408186e4bbccfd4996cb3dc -> 
  custom:container-muxer-webm: aa71ff27fc2769a1b78a27578f13a17b -> 
  custom:container-demuxer-webm: 4f35f7cbe854078d1ac9338744f61a02 -> 
  custom:container-demuxer-ogg: 62fdf1f143b41e24485cea50d1cbac27 -> 
  custom:video-encoder-webm-vp8: eb34c28f22e8b96e1ab97ce403110664 -> 
  custom:video-decoder-webm-vp8: 9c59270c3fd7afecdb556c50c9e8de78 -> 
  custom:audio-decoder-ogg-vorbis: bf7c407c2cedff20999df2af8eb42d56 -> 
  custom:audio-encoder-webm-vorbis: bf7c407c2cedff20999df2af8eb42d56 -> 
========================================================================
Received Import Request.
  Time since last request: 132.215508 seconds.
  path: Assets/GameMaterial/FireWorks/Prefab/root 1.prefab
  artifactKey: Guid(73479006919ebb643b4ee482407c964a) Importer(815301076,1909f56bfc062723c751e8b465ee728b)
Start importing Assets/GameMaterial/FireWorks/Prefab/root 1.prefab using Guid(73479006919ebb643b4ee482407c964a) Importer(815301076,1909f56bfc062723c751e8b465ee728b)  -> (artifact id: '3f1f0e6d83bb24cbb00a3cfe8e13acd6') in 0.064560 seconds 
========================================================================
Received Import Request.
  Time since last request: 16.370313 seconds.
  path: Assets/Prefabs/Effect
  artifactKey: Guid(d5a968ad160890e4f933a36456b112ef) Importer(815301076,1909f56bfc062723c751e8b465ee728b)
Start importing Assets/Prefabs/Effect using Guid(d5a968ad160890e4f933a36456b112ef) Importer(815301076,1909f56bfc062723c751e8b465ee728b)  -> (artifact id: '83eb10df0ea2ab05dbc3849910f78a7c') in 0.006594 seconds 
========================================================================
Received Import Request.
  Time since last request: 27.617407 seconds.
  path: Assets/Prefabs/Effect/FireWork.prefab
  artifactKey: Guid(73479006919ebb643b4ee482407c964a) Importer(815301076,1909f56bfc062723c751e8b465ee728b)
Start importing Assets/Prefabs/Effect/FireWork.prefab using Guid(73479006919ebb643b4ee482407c964a) Importer(815301076,1909f56bfc062723c751e8b465ee728b)  -> (artifact id: '703cc7971819570484defad9f43122f1') in 0.023846 seconds 
========================================================================
Received Import Request.
  Time since last request: 24.569337 seconds.
  path: Assets/GameMaterial/FireWorks/Standard Assets/Particles/Sources/Materials/Spark.mat
  artifactKey: Guid(e097e0ca551c28647a5a126e44c35bbc) Importer(815301076,1909f56bfc062723c751e8b465ee728b)
Start importing Assets/GameMaterial/FireWorks/Standard Assets/Particles/Sources/Materials/Spark.mat using Guid(e097e0ca551c28647a5a126e44c35bbc) Importer(815301076,1909f56bfc062723c751e8b465ee728b)  -> (artifact id: '6b3b0c37de3e464e72b4686363bb667d') in 0.048265 seconds 
========================================================================
Received Import Request.
  Time since last request: 4.324446 seconds.
  path: Assets/Prefabs/Effect/FireWork.prefab
  artifactKey: Guid(73479006919ebb643b4ee482407c964a) Importer(815301076,1909f56bfc062723c751e8b465ee728b)
Start importing Assets/Prefabs/Effect/FireWork.prefab using Guid(73479006919ebb643b4ee482407c964a) Importer(815301076,1909f56bfc062723c751e8b465ee728b)  -> (artifact id: '23a48523de19f788a5ab37e95c241b0d') in 0.024040 seconds 
========================================================================
Received Import Request.
  Time since last request: 0.566651 seconds.
  path: Assets/Prefabs/Effect/FireWork.prefab
  artifactKey: Guid(73479006919ebb643b4ee482407c964a) Importer(815301076,1909f56bfc062723c751e8b465ee728b)
Start importing Assets/Prefabs/Effect/FireWork.prefab using Guid(73479006919ebb643b4ee482407c964a) Importer(815301076,1909f56bfc062723c751e8b465ee728b)  -> (artifact id: '7ee495641227d204803111d45ad0f44f') in 0.011632 seconds 
========================================================================
Received Import Request.
  Time since last request: 6.609441 seconds.
  path: Assets/GameMaterial/FireWorks/Materials/star.mat
  artifactKey: Guid(de2f48ae5a8f80545900fb661f00eafd) Importer(815301076,1909f56bfc062723c751e8b465ee728b)
Start importing Assets/GameMaterial/FireWorks/Materials/star.mat using Guid(de2f48ae5a8f80545900fb661f00eafd) Importer(815301076,1909f56bfc062723c751e8b465ee728b)  -> (artifact id: '353e9f0fd70a8a966244fe115d8cf25f') in 0.023712 seconds 
========================================================================
Received Import Request.
  Time since last request: 565.459028 seconds.
  path: Assets/Prefabs/Effect/FireWorks.prefab
  artifactKey: Guid(10fde9d7c20e87f4e855b25a69c6bd52) Importer(815301076,1909f56bfc062723c751e8b465ee728b)
Start importing Assets/Prefabs/Effect/FireWorks.prefab using Guid(10fde9d7c20e87f4e855b25a69c6bd52) Importer(815301076,1909f56bfc062723c751e8b465ee728b)  -> (artifact id: 'bf3eff7f556138ea90bdb153cec45535') in 0.016547 seconds 
AssetImportWorkerClient::OnTransportError - code=2 error=End of file
